andriusj June 06, 2012
V00-01-03 is an incomplete release:
- Most routines are tested against DrellYan(1D) case. 
- calcCrossSection macro is not complete (at least not fully tested)
- Systematics calculation is not performed

Tagged before adding systematics which requires modifications in the macros

Several directories and files were added as compared to V00-01-02

List of directories in V00-01-03:
Acceptance    Efficiency         Include     Selection  YieldsAndBackgrounds
config_files  EventScaleFactors  logs        Skimming
CrossSection  Fsr                Logs        Theory
CVS           FullChain          root_files  Unfolding

List of directories in V00-01-02
Acceptance  Fsr        Logs       Unfolding             root_files
CVS         FullChain  Selection  YieldsAndBackgrounds
Efficiency  Include    Skimming   config_files


Below is an output of `cvs status`

===================================================================
File: auxScript.C      	Status: Up-to-date

   Working revision:	1.1
   Repository revision:	1.1	/local/reps/CMSSW/UserCode/ikravchenko/DrellYanDMDY/Acceptance/auxScript.C,v
   Commit Identifier:	wf2gpg69n7Ubu81w
   Sticky Tag:		(none)
   Sticky Date:		(none)
   Sticky Options:	(none)

===================================================================
File: calcAcceptanceSystematics.C	Status: Up-to-date

   Working revision:	1.1
   Repository revision:	1.1	/local/reps/CMSSW/UserCode/ikravchenko/DrellYanDMDY/Acceptance/calcAcceptanceSystematics.C,v
   Commit Identifier:	klSDEtIX966pQY5w
   Sticky Tag:		(none)
   Sticky Date:		(none)
   Sticky Options:	(none)

===================================================================
File: evaluateAcceptanceSyst.sh	Status: Up-to-date

   Working revision:	1.4
   Repository revision:	1.4	/local/reps/CMSSW/UserCode/ikravchenko/DrellYanDMDY/Acceptance/evaluateAcceptanceSyst.sh,v
   Commit Identifier:	oHI9m0rqbeiZGY5w
   Sticky Tag:		(none)
   Sticky Date:		(none)
   Sticky Options:	(none)

===================================================================
File: plotDYAcceptance.C	Status: Up-to-date

   Working revision:	1.10
   Repository revision:	1.10	/local/reps/CMSSW/UserCode/ikravchenko/DrellYanDMDY/Acceptance/plotDYAcceptance.C,v
   Commit Identifier:	DyrDF6ewPrwgyw7w
   Sticky Tag:		(none)
   Sticky Date:		(none)
   Sticky Options:	(none)

===================================================================
File: rootlogon.C      	Status: Up-to-date

   Working revision:	1.1
   Repository revision:	1.1	/local/reps/CMSSW/UserCode/ikravchenko/DrellYanDMDY/Acceptance/rootlogon.C,v
   Commit Identifier:	wf2gpg69n7Ubu81w
   Sticky Tag:		(none)
   Sticky Date:		(none)
   Sticky Options:	(none)

===================================================================
File: auxScript.C      	Status: Up-to-date

   Working revision:	1.1
   Repository revision:	1.1	/local/reps/CMSSW/UserCode/ikravchenko/DrellYanDMDY/CrossSection/auxScript.C,v
   Commit Identifier:	hVZQEyF4VpUqlO3w
   Sticky Tag:		(none)
   Sticky Date:		(none)
   Sticky Options:	(none)

===================================================================
File: calcCrossSection.C	Status: Up-to-date

   Working revision:	1.2
   Repository revision:	1.2	/local/reps/CMSSW/UserCode/ikravchenko/DrellYanDMDY/CrossSection/calcCrossSection.C,v
   Commit Identifier:	wbfZc2RfFZiEHY5w
   Sticky Tag:		(none)
   Sticky Date:		(none)
   Sticky Options:	(none)

===================================================================
File: rootlogon.C      	Status: Up-to-date

   Working revision:	1.1
   Repository revision:	1.1	/local/reps/CMSSW/UserCode/ikravchenko/DrellYanDMDY/CrossSection/rootlogon.C,v
   Commit Identifier:	EnJfS9cnVuwMlO3w
   Sticky Tag:		(none)
   Sticky Date:		(none)
   Sticky Options:	(none)

===================================================================
File: auxScript.C      	Status: Up-to-date

   Working revision:	1.1
   Repository revision:	1.1	/local/reps/CMSSW/UserCode/ikravchenko/DrellYanDMDY/Efficiency/auxScript.C,v
   Commit Identifier:	WYERhzBJWEXHeh1w
   Sticky Tag:		(none)
   Sticky Date:		(none)
   Sticky Options:	(none)

===================================================================
File: plotDYEfficiency.C	Status: Up-to-date

   Working revision:	1.6
   Repository revision:	1.6	/local/reps/CMSSW/UserCode/ikravchenko/DrellYanDMDY/Efficiency/plotDYEfficiency.C,v
   Commit Identifier:	zKSXIUP86HAYHY5w
   Sticky Tag:		(none)
   Sticky Date:		(none)
   Sticky Options:	(none)

===================================================================
File: rootlogon.C      	Status: Up-to-date

   Working revision:	1.1
   Repository revision:	1.1	/local/reps/CMSSW/UserCode/ikravchenko/DrellYanDMDY/Efficiency/rootlogon.C,v
   Commit Identifier:	WYERhzBJWEXHeh1w
   Sticky Tag:		(none)
   Sticky Date:		(none)
   Sticky Options:	(none)

===================================================================
File: calcEff.C        	Status: Up-to-date

   Working revision:	1.7
   Repository revision:	1.7	/local/reps/CMSSW/UserCode/ikravchenko/DrellYanDMDY/EventScaleFactors/calcEff.C,v
   Commit Identifier:	ido9An6SLaBDkv6w
   Sticky Tag:		(none)
   Sticky Date:		(none)
   Sticky Options:	(none)

===================================================================
File: calcEventEff.C   	Status: Up-to-date

   Working revision:	1.7
   Repository revision:	1.7	/local/reps/CMSSW/UserCode/ikravchenko/DrellYanDMDY/EventScaleFactors/calcEventEff.C,v
   Commit Identifier:	etqetxbrymsblv6w
   Sticky Tag:		(none)
   Sticky Date:		(none)
   Sticky Options:	(none)

===================================================================
File: cutFunctions.cc  	Status: Up-to-date

   Working revision:	1.2
   Repository revision:	1.2	/local/reps/CMSSW/UserCode/ikravchenko/DrellYanDMDY/EventScaleFactors/cutFunctions.cc,v
   Commit Identifier:	Dxx91VuNurlbUA4w
   Sticky Tag:		(none)
   Sticky Date:		(none)
   Sticky Options:	(none)

===================================================================
File: eff_IdHlt.C      	Status: Up-to-date

   Working revision:	1.8
   Repository revision:	1.8	/local/reps/CMSSW/UserCode/ikravchenko/DrellYanDMDY/EventScaleFactors/eff_IdHlt.C,v
   Commit Identifier:	09syS9HzzUwokv6w
   Sticky Tag:		(none)
   Sticky Date:		(none)
   Sticky Options:	(none)

===================================================================
File: eff_Reco.C       	Status: Up-to-date

   Working revision:	1.8
   Repository revision:	1.8	/local/reps/CMSSW/UserCode/ikravchenko/DrellYanDMDY/EventScaleFactors/eff_Reco.C,v
   Commit Identifier:	09syS9HzzUwokv6w
   Sticky Tag:		(none)
   Sticky Date:		(none)
   Sticky Options:	(none)

===================================================================
File: evaluateESF.sh   	Status: Up-to-date

   Working revision:	1.4
   Repository revision:	1.4	/local/reps/CMSSW/UserCode/ikravchenko/DrellYanDMDY/EventScaleFactors/evaluateESF.sh,v
   Commit Identifier:	QRFkxPqVlX6pJ76w
   Sticky Tag:		(none)
   Sticky Date:		(none)
   Sticky Options:	(none)

===================================================================
File: fitFunctions.cc  	Status: Up-to-date

   Working revision:	1.6
   Repository revision:	1.6	/local/reps/CMSSW/UserCode/ikravchenko/DrellYanDMDY/EventScaleFactors/fitFunctions.cc,v
   Commit Identifier:	gdCb57VtuT0zCD6w
   Sticky Tag:		(none)
   Sticky Date:		(none)
   Sticky Options:	(none)

===================================================================
File: fitFunctionsCore.cc	Status: Up-to-date

   Working revision:	1.6
   Repository revision:	1.6	/local/reps/CMSSW/UserCode/ikravchenko/DrellYanDMDY/EventScaleFactors/fitFunctionsCore.cc,v
   Commit Identifier:	iusfTMs6slk02M6w
   Sticky Tag:		(none)
   Sticky Date:		(none)
   Sticky Options:	(none)

===================================================================
File: recalcESF.sh     	Status: Up-to-date

   Working revision:	1.5
   Repository revision:	1.5	/local/reps/CMSSW/UserCode/ikravchenko/DrellYanDMDY/EventScaleFactors/recalcESF.sh,v
   Commit Identifier:	QRFkxPqVlX6pJ76w
   Sticky Tag:		(none)
   Sticky Date:		(none)
   Sticky Options:	(none)

===================================================================
File: rootlogon.C      	Status: Up-to-date

   Working revision:	1.1
   Repository revision:	1.1	/local/reps/CMSSW/UserCode/ikravchenko/DrellYanDMDY/EventScaleFactors/rootlogon.C,v
   Commit Identifier:	3ozI0Tq12wK3sq3w
   Sticky Tag:		(none)
   Sticky Date:		(none)
   Sticky Options:	(none)

===================================================================
File: tnpSelectEvents.hh	Status: Up-to-date

   Working revision:	1.4
   Repository revision:	1.4	/local/reps/CMSSW/UserCode/ikravchenko/DrellYanDMDY/EventScaleFactors/tnpSelectEvents.hh,v
   Commit Identifier:	9GG3uSQefxKhH76w
   Sticky Tag:		(none)
   Sticky Date:		(none)
   Sticky Options:	(none)

===================================================================
File: auxScript1.C     	Status: Up-to-date

   Working revision:	1.2
   Repository revision:	1.2	/local/reps/CMSSW/UserCode/ikravchenko/DrellYanDMDY/Fsr/auxScript1.C,v
   Commit Identifier:	3o55dS4xZZxKh32w
   Sticky Tag:		(none)
   Sticky Date:		(none)
   Sticky Options:	(none)

===================================================================
File: auxScript2.C     	Status: Up-to-date

   Working revision:	1.1
   Repository revision:	1.1	/local/reps/CMSSW/UserCode/ikravchenko/DrellYanDMDY/Fsr/auxScript2.C,v
   Commit Identifier:	XoZVP9ovhupRh32w
   Sticky Tag:		(none)
   Sticky Date:		(none)
   Sticky Options:	(none)

===================================================================
File: plotDYFSRCorrections.C	Status: Up-to-date

   Working revision:	1.9
   Repository revision:	1.9	/local/reps/CMSSW/UserCode/ikravchenko/DrellYanDMDY/Fsr/plotDYFSRCorrections.C,v
   Commit Identifier:	mXPyB4KWqhIJPR6w
   Sticky Tag:		(none)
   Sticky Date:		(none)
   Sticky Options:	(none)

===================================================================
File: rootlogon.C      	Status: Up-to-date

   Working revision:	1.1
   Repository revision:	1.1	/local/reps/CMSSW/UserCode/ikravchenko/DrellYanDMDY/Fsr/rootlogon.C,v
   Commit Identifier:	K09VoiNF2BoYo12w
   Sticky Tag:		(none)
   Sticky Date:		(none)
   Sticky Options:	(none)

===================================================================
File: FullChain.sh     	Status: Locally Modified

   Working revision:	1.12
   Repository revision:	1.12	/local/reps/CMSSW/UserCode/ikravchenko/DrellYanDMDY/FullChain/FullChain.sh,v
   Commit Identifier:	tb7npjfBqqDEJY5w
   Sticky Tag:		(none)
   Sticky Date:		(none)
   Sticky Options:	(none)

===================================================================
File: listKeys.C       	Status: Up-to-date

   Working revision:	1.1
   Repository revision:	1.1	/local/reps/CMSSW/UserCode/ikravchenko/DrellYanDMDY/FullChain/listKeys.C,v
   Commit Identifier:	iMWR9qPqxVFnmO3w
   Sticky Tag:		(none)
   Sticky Date:		(none)
   Sticky Options:	(none)

===================================================================
File: CPlot.cc         	Status: Up-to-date

   Working revision:	1.5
   Repository revision:	1.5	/local/reps/CMSSW/UserCode/ikravchenko/DrellYanDMDY/Include/CPlot.cc,v
   Commit Identifier:	WjxTexpnwu3SKY5w
   Sticky Tag:		(none)
   Sticky Date:		(none)
   Sticky Options:	(none)

===================================================================
File: CPlot.hh         	Status: Up-to-date

   Working revision:	1.4
   Repository revision:	1.4	/local/reps/CMSSW/UserCode/ikravchenko/DrellYanDMDY/Include/CPlot.hh,v
   Commit Identifier:	yk03s8XRNHuKuY5w
   Sticky Tag:		(none)
   Sticky Date:		(none)
   Sticky Options:	(none)

===================================================================
File: CRectangle.hh    	Status: Up-to-date

   Working revision:	1.1
   Repository revision:	1.1	/local/reps/CMSSW/UserCode/ikravchenko/DrellYanDMDY/Include/CRectangle.hh,v
   Commit Identifier:	Q3mTXdXvGDyNlfMv
   Sticky Tag:		(none)
   Sticky Date:		(none)
   Sticky Options:	(none)

===================================================================
File: CSample.hh       	Status: Up-to-date

   Working revision:	1.1
   Repository revision:	1.1	/local/reps/CMSSW/UserCode/ikravchenko/DrellYanDMDY/Include/CSample.hh,v
   Commit Identifier:	Q3mTXdXvGDyNlfMv
   Sticky Tag:		(none)
   Sticky Date:		(none)
   Sticky Options:	(none)

===================================================================
File: DYTools.hh       	Status: Locally Modified

   Working revision:	1.14
   Repository revision:	1.14	/local/reps/CMSSW/UserCode/ikravchenko/DrellYanDMDY/Include/DYTools.hh,v
   Commit Identifier:	GHv5Q3aGEQEiNR6w
   Sticky Tag:		(none)
   Sticky Date:		(none)
   Sticky Options:	(none)

===================================================================
File: DYToolsUI.hh     	Status: Up-to-date

   Working revision:	1.4
   Repository revision:	1.4	/local/reps/CMSSW/UserCode/ikravchenko/DrellYanDMDY/Include/DYToolsUI.hh,v
   Commit Identifier:	XbngqT6Wgw3hgv6w
   Sticky Tag:		(none)
   Sticky Date:		(none)
   Sticky Options:	(none)

===================================================================
File: EWKAnaDefs.hh    	Status: Up-to-date

   Working revision:	1.2
   Repository revision:	1.2	/local/reps/CMSSW/UserCode/ikravchenko/DrellYanDMDY/Include/EWKAnaDefs.hh,v
   Commit Identifier:	77kmrXcX9d1wrfMv
   Sticky Tag:		(none)
   Sticky Date:		(none)
   Sticky Options:	(none)

===================================================================
File: EleIDCuts.hh     	Status: Up-to-date

   Working revision:	1.2
   Repository revision:	1.2	/local/reps/CMSSW/UserCode/ikravchenko/DrellYanDMDY/Include/EleIDCuts.hh,v
   Commit Identifier:	PAJfiIzcDup63R0w
   Sticky Tag:		(none)
   Sticky Date:		(none)
   Sticky Options:	(none)

===================================================================
File: ElectronEnergyScale.cc	Status: Up-to-date

   Working revision:	1.4
   Repository revision:	1.4	/local/reps/CMSSW/UserCode/ikravchenko/DrellYanDMDY/Include/ElectronEnergyScale.cc,v
   Commit Identifier:	hfClh5IJGc9cBn2w
   Sticky Tag:		(none)
   Sticky Date:		(none)
   Sticky Options:	(none)

===================================================================
File: ElectronEnergyScale.hh	Status: Up-to-date

   Working revision:	1.6
   Repository revision:	1.6	/local/reps/CMSSW/UserCode/ikravchenko/DrellYanDMDY/Include/ElectronEnergyScale.hh,v
   Commit Identifier:	hfClh5IJGc9cBn2w
   Sticky Tag:		(none)
   Sticky Date:		(none)
   Sticky Options:	(none)

===================================================================
File: EtaEtaMass.hh    	Status: Up-to-date

   Working revision:	1.2
   Repository revision:	1.2	/local/reps/CMSSW/UserCode/ikravchenko/DrellYanDMDY/Include/EtaEtaMass.hh,v
   Commit Identifier:	SBP8Hx8RRSuOuMPv
   Sticky Tag:		(none)
   Sticky Date:		(none)
   Sticky Options:	(none)

===================================================================
File: EventSelector.cc 	Status: Up-to-date

   Working revision:	1.3
   Repository revision:	1.3	/local/reps/CMSSW/UserCode/ikravchenko/DrellYanDMDY/Include/EventSelector.cc,v
   Commit Identifier:	QdaATa1TTf8mgJ5w
   Sticky Tag:		(none)
   Sticky Date:		(none)
   Sticky Options:	(none)

===================================================================
File: EventSelector.hh 	Status: Up-to-date

   Working revision:	1.2
   Repository revision:	1.2	/local/reps/CMSSW/UserCode/ikravchenko/DrellYanDMDY/Include/EventSelector.hh,v
   Commit Identifier:	APgE9dbPVOS1aw2w
   Sticky Tag:		(none)
   Sticky Date:		(none)
   Sticky Options:	(none)

===================================================================
File: FEWZ.cc          	Status: Up-to-date

   Working revision:	1.2
   Repository revision:	1.2	/local/reps/CMSSW/UserCode/ikravchenko/DrellYanDMDY/Include/FEWZ.cc,v
   Commit Identifier:	cnvGy2GRKVJ8aw2w
   Sticky Tag:		(none)
   Sticky Date:		(none)
   Sticky Options:	(none)

===================================================================
File: FEWZ.hh          	Status: Up-to-date

   Working revision:	1.1
   Repository revision:	1.1	/local/reps/CMSSW/UserCode/ikravchenko/DrellYanDMDY/Include/FEWZ.hh,v
   Commit Identifier:	TQG2ZpyAyTT9Gn2w
   Sticky Tag:		(none)
   Sticky Date:		(none)
   Sticky Options:	(none)

===================================================================
File: InputFileMgr.cc  	Status: Up-to-date

   Working revision:	1.1
   Repository revision:	1.1	/local/reps/CMSSW/UserCode/ikravchenko/DrellYanDMDY/Include/InputFileMgr.cc,v
   Commit Identifier:	yTGQqXVVM0Wwpq3w
   Sticky Tag:		(none)
   Sticky Date:		(none)
   Sticky Options:	(none)

===================================================================
File: InputFileMgr.hh  	Status: Up-to-date

   Working revision:	1.1
   Repository revision:	1.1	/local/reps/CMSSW/UserCode/ikravchenko/DrellYanDMDY/Include/InputFileMgr.hh,v
   Commit Identifier:	yTGQqXVVM0Wwpq3w
   Sticky Tag:		(none)
   Sticky Date:		(none)
   Sticky Options:	(none)

===================================================================
File: JsonParser.cc    	Status: Up-to-date

   Working revision:	1.1
   Repository revision:	1.1	/local/reps/CMSSW/UserCode/ikravchenko/DrellYanDMDY/Include/JsonParser.cc,v
   Commit Identifier:	Q3mTXdXvGDyNlfMv
   Sticky Tag:		(none)
   Sticky Date:		(none)
   Sticky Options:	(none)

===================================================================
File: JsonParser.hh    	Status: Up-to-date

   Working revision:	1.1
   Repository revision:	1.1	/local/reps/CMSSW/UserCode/ikravchenko/DrellYanDMDY/Include/JsonParser.hh,v
   Commit Identifier:	Q3mTXdXvGDyNlfMv
   Sticky Tag:		(none)
   Sticky Date:		(none)
   Sticky Options:	(none)

===================================================================
File: MitStyleRemix.cc 	Status: Up-to-date

   Working revision:	1.1
   Repository revision:	1.1	/local/reps/CMSSW/UserCode/ikravchenko/DrellYanDMDY/Include/MitStyleRemix.cc,v
   Commit Identifier:	Q3mTXdXvGDyNlfMv
   Sticky Tag:		(none)
   Sticky Date:		(none)
   Sticky Options:	(none)

===================================================================
File: MitStyleRemix.hh 	Status: Up-to-date

   Working revision:	1.1
   Repository revision:	1.1	/local/reps/CMSSW/UserCode/ikravchenko/DrellYanDMDY/Include/MitStyleRemix.hh,v
   Commit Identifier:	Q3mTXdXvGDyNlfMv
   Sticky Tag:		(none)
   Sticky Date:		(none)
   Sticky Options:	(none)

===================================================================
File: MyTools.hh       	Status: Up-to-date

   Working revision:	1.9
   Repository revision:	1.9	/local/reps/CMSSW/UserCode/ikravchenko/DrellYanDMDY/Include/MyTools.hh,v
   Commit Identifier:	68JMbJmONWJvgv6w
   Sticky Tag:		(none)
   Sticky Date:		(none)
   Sticky Options:	(none)

===================================================================
File: PUReweight.cc    	Status: Up-to-date

   Working revision:	1.4
   Repository revision:	1.4	/local/reps/CMSSW/UserCode/ikravchenko/DrellYanDMDY/Include/PUReweight.cc,v
   Commit Identifier:	RrtBQiFM98bTgv6w
   Sticky Tag:		(none)
   Sticky Date:		(none)
   Sticky Options:	(none)

===================================================================
File: PUReweight.hh    	Status: Up-to-date

   Working revision:	1.4
   Repository revision:	1.4	/local/reps/CMSSW/UserCode/ikravchenko/DrellYanDMDY/Include/PUReweight.hh,v
   Commit Identifier:	UIM5Z0FhLwtSpC7w
   Sticky Tag:		(none)
   Sticky Date:		(none)
   Sticky Options:	(none)

===================================================================
File: TDielectron.hh   	Status: Up-to-date

   Working revision:	1.2
   Repository revision:	1.2	/local/reps/CMSSW/UserCode/ikravchenko/DrellYanDMDY/Include/TDielectron.hh,v
   Commit Identifier:	77kmrXcX9d1wrfMv
   Sticky Tag:		(none)
   Sticky Date:		(none)
   Sticky Options:	(none)

===================================================================
File: TElectron.hh     	Status: Up-to-date

   Working revision:	1.2
   Repository revision:	1.2	/local/reps/CMSSW/UserCode/ikravchenko/DrellYanDMDY/Include/TElectron.hh,v
   Commit Identifier:	77kmrXcX9d1wrfMv
   Sticky Tag:		(none)
   Sticky Date:		(none)
   Sticky Options:	(none)

===================================================================
File: TEventInfo.hh    	Status: Up-to-date

   Working revision:	1.2
   Repository revision:	1.2	/local/reps/CMSSW/UserCode/ikravchenko/DrellYanDMDY/Include/TEventInfo.hh,v
   Commit Identifier:	77kmrXcX9d1wrfMv
   Sticky Tag:		(none)
   Sticky Date:		(none)
   Sticky Options:	(none)

===================================================================
File: TGenInfo.hh      	Status: Up-to-date

   Working revision:	1.1
   Repository revision:	1.1	/local/reps/CMSSW/UserCode/ikravchenko/DrellYanDMDY/Include/TGenInfo.hh,v
   Commit Identifier:	Q3mTXdXvGDyNlfMv
   Sticky Tag:		(none)
   Sticky Date:		(none)
   Sticky Options:	(none)

===================================================================
File: TJet.hh          	Status: Up-to-date

   Working revision:	1.2
   Repository revision:	1.2	/local/reps/CMSSW/UserCode/ikravchenko/DrellYanDMDY/Include/TJet.hh,v
   Commit Identifier:	77kmrXcX9d1wrfMv
   Sticky Tag:		(none)
   Sticky Date:		(none)
   Sticky Options:	(none)

===================================================================
File: TMuon.hh         	Status: Up-to-date

   Working revision:	1.2
   Repository revision:	1.2	/local/reps/CMSSW/UserCode/ikravchenko/DrellYanDMDY/Include/TMuon.hh,v
   Commit Identifier:	77kmrXcX9d1wrfMv
   Sticky Tag:		(none)
   Sticky Date:		(none)
   Sticky Options:	(none)

===================================================================
File: TPhoton.hh       	Status: Up-to-date

   Working revision:	1.2
   Repository revision:	1.2	/local/reps/CMSSW/UserCode/ikravchenko/DrellYanDMDY/Include/TPhoton.hh,v
   Commit Identifier:	77kmrXcX9d1wrfMv
   Sticky Tag:		(none)
   Sticky Date:		(none)
   Sticky Options:	(none)

===================================================================
File: TVertex.hh       	Status: Up-to-date

   Working revision:	1.1
   Repository revision:	1.1	/local/reps/CMSSW/UserCode/ikravchenko/DrellYanDMDY/Include/TVertex.hh,v
   Commit Identifier:	Q3mTXdXvGDyNlfMv
   Sticky Tag:		(none)
   Sticky Date:		(none)
   Sticky Options:	(none)

===================================================================
File: TriggerSelection.hh	Status: Up-to-date

   Working revision:	1.4
   Repository revision:	1.4	/local/reps/CMSSW/UserCode/ikravchenko/DrellYanDMDY/Include/TriggerSelection.hh,v
   Commit Identifier:	e9yjdKrzZidhdZ3w
   Sticky Tag:		(none)
   Sticky Date:		(none)
   Sticky Options:	(none)

===================================================================
File: UnfoldingTools.hh	Status: Up-to-date

   Working revision:	1.3
   Repository revision:	1.3	/local/reps/CMSSW/UserCode/ikravchenko/DrellYanDMDY/Include/UnfoldingTools.hh,v
   Commit Identifier:	OWPpWpMAaP0qkO3w
   Sticky Tag:		(none)
   Sticky Date:		(none)
   Sticky Options:	(none)

===================================================================
File: ZeeData.hh       	Status: Up-to-date

   Working revision:	1.3
   Repository revision:	1.3	/local/reps/CMSSW/UserCode/ikravchenko/DrellYanDMDY/Include/ZeeData.hh,v
   Commit Identifier:	Bz5choAlDU5wGn2w
   Sticky Tag:		(none)
   Sticky Date:		(none)
   Sticky Options:	(none)

===================================================================
File: cmp.sh           	Status: Up-to-date

   Working revision:	1.1
   Repository revision:	1.1	/local/reps/CMSSW/UserCode/ikravchenko/DrellYanDMDY/Include/cmp.sh,v
   Commit Identifier:	SBP8Hx8RRSuOuMPv
   Sticky Tag:		(none)
   Sticky Date:		(none)
   Sticky Options:	(none)

===================================================================
File: cutFunctions.hh  	Status: Up-to-date

   Working revision:	1.2
   Repository revision:	1.2	/local/reps/CMSSW/UserCode/ikravchenko/DrellYanDMDY/Include/cutFunctions.hh,v
   Commit Identifier:	9gzdm1PJpsD04R0w
   Sticky Tag:		(none)
   Sticky Date:		(none)
   Sticky Options:	(none)

===================================================================
File: fitFunctions.hh  	Status: Up-to-date

   Working revision:	1.4
   Repository revision:	1.4	/local/reps/CMSSW/UserCode/ikravchenko/DrellYanDMDY/Include/fitFunctions.hh,v
   Commit Identifier:	6sebgUPhQi68kJ5w
   Sticky Tag:		(none)
   Sticky Date:		(none)
   Sticky Options:	(none)

===================================================================
File: fitFunctionsCore.hh	Status: Up-to-date

   Working revision:	1.3
   Repository revision:	1.3	/local/reps/CMSSW/UserCode/ikravchenko/DrellYanDMDY/Include/fitFunctionsCore.hh,v
   Commit Identifier:	6sebgUPhQi68kJ5w
   Sticky Tag:		(none)
   Sticky Date:		(none)
   Sticky Options:	(none)

===================================================================
File: plotFunctions.hh 	Status: Up-to-date

   Working revision:	1.4
   Repository revision:	1.4	/local/reps/CMSSW/UserCode/ikravchenko/DrellYanDMDY/Include/plotFunctions.hh,v
   Commit Identifier:	mNQU6Gha0UN1PR6w
   Sticky Tag:		(none)
   Sticky Date:		(none)
   Sticky Options:	(none)

===================================================================
File: rootlogon.C      	Status: Up-to-date

   Working revision:	1.10
   Repository revision:	1.10	/local/reps/CMSSW/UserCode/ikravchenko/DrellYanDMDY/Include/rootlogon.C,v
   Commit Identifier:	YGbiECX8IZrYMq4w
   Sticky Tag:		(none)
   Sticky Date:		(none)
   Sticky Options:	(none)

===================================================================
File: changeLog-V00-01-00-20120414.log	Status: Up-to-date

   Working revision:	1.1
   Repository revision:	1.1	/local/reps/CMSSW/UserCode/ikravchenko/DrellYanDMDY/Logs/changeLog-V00-01-00-20120414.log,v
   Commit Identifier:	akpkD6EBgjPVHP0w
   Sticky Tag:		(none)
   Sticky Date:		(none)
   Sticky Options:	(none)

===================================================================
File: changeLog-V00-01-01-20120414.log	Status: Up-to-date

   Working revision:	1.1
   Repository revision:	1.1	/local/reps/CMSSW/UserCode/ikravchenko/DrellYanDMDY/Logs/changeLog-V00-01-01-20120414.log,v
   Commit Identifier:	3293jAVQCvu9TQ0w
   Sticky Tag:		(none)
   Sticky Date:		(none)
   Sticky Options:	(none)

===================================================================
File: changeLog-V00-01-02-20120426.log	Status: Up-to-date

   Working revision:	1.1
   Repository revision:	1.1	/local/reps/CMSSW/UserCode/ikravchenko/DrellYanDMDY/Logs/changeLog-V00-01-02-20120426.log,v
   Commit Identifier:	Xkc1TLd0hsxWkm2w
   Sticky Tag:		(none)
   Sticky Date:		(none)
   Sticky Options:	(none)

===================================================================
File: auxScript.C      	Status: Up-to-date

   Working revision:	1.2
   Repository revision:	1.2	/local/reps/CMSSW/UserCode/ikravchenko/DrellYanDMDY/Selection/auxScript.C,v
   Commit Identifier:	kOXsgopzaJp1bw2w
   Sticky Tag:		(none)
   Sticky Date:		(none)
   Sticky Options:	(none)

===================================================================
File: rootlogon.C      	Status: Up-to-date

   Working revision:	1.1
   Repository revision:	1.1	/local/reps/CMSSW/UserCode/ikravchenko/DrellYanDMDY/Selection/rootlogon.C,v
   Commit Identifier:	75gzMnw6LjSgmfMv
   Sticky Tag:		(none)
   Sticky Date:		(none)
   Sticky Options:	(none)

===================================================================
File: selectEvents.C   	Status: Up-to-date

   Working revision:	1.15
   Repository revision:	1.15	/local/reps/CMSSW/UserCode/ikravchenko/DrellYanDMDY/Selection/selectEvents.C,v
   Commit Identifier:	aJwobWzdAjeXAx7w
   Sticky Tag:		(none)
   Sticky Date:		(none)
   Sticky Options:	(none)

===================================================================
File: SkimNtuples.C    	Status: Up-to-date

   Working revision:	1.1
   Repository revision:	1.1	/local/reps/CMSSW/UserCode/ikravchenko/DrellYanDMDY/Skimming/SkimNtuples.C,v
   Commit Identifier:	ecAXels9s0Lm9lMv
   Sticky Tag:		(none)
   Sticky Date:		(none)
   Sticky Options:	(none)

===================================================================
File: TrimNtuples.C    	Status: Up-to-date

   Working revision:	1.1
   Repository revision:	1.1	/local/reps/CMSSW/UserCode/ikravchenko/DrellYanDMDY/Skimming/TrimNtuples.C,v
   Commit Identifier:	ecAXels9s0Lm9lMv
   Sticky Tag:		(none)
   Sticky Date:		(none)
   Sticky Options:	(none)

===================================================================
File: applyJSONandTriggerFilter.C	Status: Up-to-date

   Working revision:	1.1
   Repository revision:	1.1	/local/reps/CMSSW/UserCode/ikravchenko/DrellYanDMDY/Skimming/applyJSONandTriggerFilter.C,v
   Commit Identifier:	jSrpyoJVA1OKZ24w
   Sticky Tag:		(none)
   Sticky Date:		(none)
   Sticky Options:	(none)

===================================================================
File: rootlogon.C      	Status: Up-to-date

   Working revision:	1.2
   Repository revision:	1.2	/local/reps/CMSSW/UserCode/ikravchenko/DrellYanDMDY/Skimming/rootlogon.C,v
   Commit Identifier:	ccYO114iGIePZ24w
   Sticky Tag:		(none)
   Sticky Date:		(none)
   Sticky Options:	(none)

===================================================================
File: TheoryErrors.C   	Status: Up-to-date

   Working revision:	1.1
   Repository revision:	1.1	/local/reps/CMSSW/UserCode/ikravchenko/DrellYanDMDY/Theory/TheoryErrors.C,v
   Commit Identifier:	k9GhWHFFcpHrA34w
   Sticky Tag:		(none)
   Sticky Date:		(none)
   Sticky Options:	(none)

===================================================================
File: auxScript.C      	Status: Up-to-date

   Working revision:	1.1
   Repository revision:	1.1	/local/reps/CMSSW/UserCode/ikravchenko/DrellYanDMDY/Theory/auxScript.C,v
   Commit Identifier:	WOMLlNqdXzgRA34w
   Sticky Tag:		(none)
   Sticky Date:		(none)
   Sticky Options:	(none)

===================================================================
File: rootlogon.C      	Status: Up-to-date

   Working revision:	1.2
   Repository revision:	1.2	/local/reps/CMSSW/UserCode/ikravchenko/DrellYanDMDY/Theory/rootlogon.C,v
   Commit Identifier:	oX2VYUuQk82NA34w
   Sticky Tag:		(none)
   Sticky Date:		(none)
   Sticky Options:	(none)

===================================================================
File: UnfoldingTools.C 	Status: Up-to-date

   Working revision:	1.3
   Repository revision:	1.3	/local/reps/CMSSW/UserCode/ikravchenko/DrellYanDMDY/Unfolding/UnfoldingTools.C,v
   Commit Identifier:	ibNtCJOL7GZEmO3w
   Sticky Tag:		(none)
   Sticky Date:		(none)
   Sticky Options:	(none)

===================================================================
File: auxScript.C      	Status: Up-to-date

   Working revision:	1.1
   Repository revision:	1.1	/local/reps/CMSSW/UserCode/ikravchenko/DrellYanDMDY/Unfolding/auxScript.C,v
   Commit Identifier:	6nNyBunidZlLw81w
   Sticky Tag:		(none)
   Sticky Date:		(none)
   Sticky Options:	(none)

===================================================================
File: evaluateUnfoldingSyst.sh	Status: Up-to-date

   Working revision:	1.1
   Repository revision:	1.1	/local/reps/CMSSW/UserCode/ikravchenko/DrellYanDMDY/Unfolding/evaluateUnfoldingSyst.sh,v
   Commit Identifier:	kQVJhkRrGZS45E2w
   Sticky Tag:		(none)
   Sticky Date:		(none)
   Sticky Options:	(none)

===================================================================
File: makeUnfoldingMatrix.C	Status: Up-to-date

   Working revision:	1.11
   Repository revision:	1.11	/local/reps/CMSSW/UserCode/ikravchenko/DrellYanDMDY/Unfolding/makeUnfoldingMatrix.C,v
   Commit Identifier:	uzfrlzcqgHI4rp7w
   Sticky Tag:		(none)
   Sticky Date:		(none)
   Sticky Options:	(none)

===================================================================
File: rootlogon.C      	Status: Up-to-date

   Working revision:	1.1
   Repository revision:	1.1	/local/reps/CMSSW/UserCode/ikravchenko/DrellYanDMDY/Unfolding/rootlogon.C,v
   Commit Identifier:	ljZ707RRF4mqnfMv
   Sticky Tag:		(none)
   Sticky Date:		(none)
   Sticky Options:	(none)

===================================================================
File: auxScript.C      	Status: Up-to-date

   Working revision:	1.1
   Repository revision:	1.1	/local/reps/CMSSW/UserCode/ikravchenko/DrellYanDMDY/YieldsAndBackgrounds/auxScript.C,v
   Commit Identifier:	7CpMyrVDhA9Qw81w
   Sticky Tag:		(none)
   Sticky Date:		(none)
   Sticky Options:	(none)

===================================================================
File: plotFunctionsPrepareYields.C	Status: Up-to-date

   Working revision:	1.4
   Repository revision:	1.4	/local/reps/CMSSW/UserCode/ikravchenko/DrellYanDMDY/YieldsAndBackgrounds/plotFunctionsPrepareYields.C,v
   Commit Identifier:	S4IGjXWUpwAdbw2w
   Sticky Tag:		(none)
   Sticky Date:		(none)
   Sticky Options:	(none)

===================================================================
File: prepareYields.C  	Status: Locally Modified

   Working revision:	1.11
   Repository revision:	1.11	/local/reps/CMSSW/UserCode/ikravchenko/DrellYanDMDY/YieldsAndBackgrounds/prepareYields.C,v
   Commit Identifier:	7CiU4nhnCcZa977w
   Sticky Tag:		(none)
   Sticky Date:		(none)
   Sticky Options:	(none)

===================================================================
File: rootlogon.C      	Status: Up-to-date

   Working revision:	1.2
   Repository revision:	1.2	/local/reps/CMSSW/UserCode/ikravchenko/DrellYanDMDY/YieldsAndBackgrounds/rootlogon.C,v
   Commit Identifier:	S4IGjXWUpwAdbw2w
   Sticky Tag:		(none)
   Sticky Date:		(none)
   Sticky Options:	(none)

===================================================================
File: subtractBackground.C	Status: Up-to-date

   Working revision:	1.8
   Repository revision:	1.8	/local/reps/CMSSW/UserCode/ikravchenko/DrellYanDMDY/YieldsAndBackgrounds/subtractBackground.C,v
   Commit Identifier:	GxeORPVW8OXKUv7w
   Sticky Tag:		(none)
   Sticky Date:		(none)
   Sticky Options:	(none)

===================================================================
File: data.conf        	Status: Locally Modified

   Working revision:	1.2
   Repository revision:	1.2	/local/reps/CMSSW/UserCode/ikravchenko/DrellYanDMDY/config_files/data.conf,v
   Commit Identifier:	Xp5liujdPdhT8lMv
   Sticky Tag:		(none)
   Sticky Date:		(none)
   Sticky Options:	(none)

===================================================================
File: dataCERN.conf    	Status: Up-to-date

   Working revision:	1.1
   Repository revision:	1.1	/local/reps/CMSSW/UserCode/ikravchenko/DrellYanDMDY/config_files/dataCERN.conf,v
   Commit Identifier:	IJDp9ocHqmuIou7w
   Sticky Tag:		(none)
   Sticky Date:		(none)
   Sticky Options:	(none)

===================================================================
File: dataT3.conf      	Status: Up-to-date

   Working revision:	1.2
   Repository revision:	1.2	/local/reps/CMSSW/UserCode/ikravchenko/DrellYanDMDY/config_files/dataT3.conf,v
   Commit Identifier:	bGJUaNdmd3kWBAQv
   Sticky Tag:		(none)
   Sticky Date:		(none)
   Sticky Options:	(none)

===================================================================
File: fall11mc.input   	Status: Up-to-date

   Working revision:	1.2
   Repository revision:	1.2	/local/reps/CMSSW/UserCode/ikravchenko/DrellYanDMDY/config_files/fall11mc.input,v
   Commit Identifier:	vg9wril2JM4Xx81w
   Sticky Tag:		(none)
   Sticky Date:		(none)
   Sticky Options:	(none)

===================================================================
File: fall11mcCERN.input	Status: Up-to-date

   Working revision:	1.1
   Repository revision:	1.1	/local/reps/CMSSW/UserCode/ikravchenko/DrellYanDMDY/config_files/fall11mcCERN.input,v
   Commit Identifier:	x11Slxp73h7rou7w
   Sticky Tag:		(none)
   Sticky Date:		(none)
   Sticky Options:	(none)

===================================================================
File: fall11mcT3.input 	Status: Up-to-date

   Working revision:	1.1
   Repository revision:	1.1	/local/reps/CMSSW/UserCode/ikravchenko/DrellYanDMDY/config_files/fall11mcT3.input,v
   Commit Identifier:	Cj6gCe5tldmjx81w
   Sticky Tag:		(none)
   Sticky Date:		(none)
   Sticky Options:	(none)

===================================================================
File: sf_data_eta2.conf	Status: Up-to-date

   Working revision:	1.2
   Repository revision:	1.2	/local/reps/CMSSW/UserCode/ikravchenko/DrellYanDMDY/config_files/sf_data_eta2.conf,v
   Commit Identifier:	xwOJYuO2J5KqRD6w
   Sticky Tag:		(none)
   Sticky Date:		(none)
   Sticky Options:	(none)

===================================================================
File: sf_mc_eta2.conf  	Status: Up-to-date

   Working revision:	1.2
   Repository revision:	1.2	/local/reps/CMSSW/UserCode/ikravchenko/DrellYanDMDY/config_files/sf_mc_eta2.conf,v
   Commit Identifier:	113IxHuzAyTAED6w
   Sticky Tag:		(none)
   Sticky Date:		(none)
   Sticky Options:	(none)

===================================================================
File: summer11mc.input 	Status: Up-to-date

   Working revision:	1.1
   Repository revision:	1.1	/local/reps/CMSSW/UserCode/ikravchenko/DrellYanDMDY/config_files/summer11mc.input,v
   Commit Identifier:	4g4Blhyra4ZxNkMv
   Sticky Tag:		(none)
   Sticky Date:		(none)
   Sticky Options:	(none)

===================================================================
File: xsecCalc.conf    	Status: Up-to-date

   Working revision:	1.2
   Repository revision:	1.2	/local/reps/CMSSW/UserCode/ikravchenko/DrellYanDMDY/config_files/xsecCalc.conf,v
   Commit Identifier:	T9ireLWkmoAgx06w
   Sticky Tag:		(none)
   Sticky Date:		(none)
   Sticky Options:	(none)

===================================================================
File: skim.input.data1 	Status: Up-to-date

   Working revision:	1.1
   Repository revision:	1.1	/local/reps/CMSSW/UserCode/ikravchenko/DrellYanDMDY/config_files/skim_configs/skim.input.data1,v
   Commit Identifier:	0y9D4Y8Cj8K89lMv
   Sticky Tag:		(none)
   Sticky Date:		(none)
   Sticky Options:	(none)

===================================================================
File: skim.input.data2 	Status: Up-to-date

   Working revision:	1.1
   Repository revision:	1.1	/local/reps/CMSSW/UserCode/ikravchenko/DrellYanDMDY/config_files/skim_configs/skim.input.data2,v
   Commit Identifier:	0y9D4Y8Cj8K89lMv
   Sticky Tag:		(none)
   Sticky Date:		(none)
   Sticky Options:	(none)

===================================================================
File: skim.input.data3 	Status: Up-to-date

   Working revision:	1.1
   Repository revision:	1.1	/local/reps/CMSSW/UserCode/ikravchenko/DrellYanDMDY/config_files/skim_configs/skim.input.data3,v
   Commit Identifier:	0y9D4Y8Cj8K89lMv
   Sticky Tag:		(none)
   Sticky Date:		(none)
   Sticky Options:	(none)

===================================================================
File: skim.input.data4 	Status: Up-to-date

   Working revision:	1.1
   Repository revision:	1.1	/local/reps/CMSSW/UserCode/ikravchenko/DrellYanDMDY/config_files/skim_configs/skim.input.data4,v
   Commit Identifier:	0y9D4Y8Cj8K89lMv
   Sticky Tag:		(none)
   Sticky Date:		(none)
   Sticky Options:	(none)

===================================================================
File: skim.input.data5 	Status: Up-to-date

   Working revision:	1.1
   Repository revision:	1.1	/local/reps/CMSSW/UserCode/ikravchenko/DrellYanDMDY/config_files/skim_configs/skim.input.data5,v
   Commit Identifier:	0y9D4Y8Cj8K89lMv
   Sticky Tag:		(none)
   Sticky Date:		(none)
   Sticky Options:	(none)

===================================================================
File: skim.input.qcdbc 	Status: Up-to-date

   Working revision:	1.1
   Repository revision:	1.1	/local/reps/CMSSW/UserCode/ikravchenko/DrellYanDMDY/config_files/skim_configs/skim.input.qcdbc,v
   Commit Identifier:	0y9D4Y8Cj8K89lMv
   Sticky Tag:		(none)
   Sticky Date:		(none)
   Sticky Options:	(none)

===================================================================
File: skim.input.qcdem 	Status: Up-to-date

   Working revision:	1.1
   Repository revision:	1.1	/local/reps/CMSSW/UserCode/ikravchenko/DrellYanDMDY/config_files/skim_configs/skim.input.qcdem,v
   Commit Identifier:	0y9D4Y8Cj8K89lMv
   Sticky Tag:		(none)
   Sticky Date:		(none)
   Sticky Options:	(none)

===================================================================
File: skim.input.ttj   	Status: Up-to-date

   Working revision:	1.1
   Repository revision:	1.1	/local/reps/CMSSW/UserCode/ikravchenko/DrellYanDMDY/config_files/skim_configs/skim.input.ttj,v
   Commit Identifier:	0y9D4Y8Cj8K89lMv
   Sticky Tag:		(none)
   Sticky Date:		(none)
   Sticky Options:	(none)

===================================================================
File: skim.input.wjets 	Status: Up-to-date

   Working revision:	1.1
   Repository revision:	1.1	/local/reps/CMSSW/UserCode/ikravchenko/DrellYanDMDY/config_files/skim_configs/skim.input.wjets,v
   Commit Identifier:	0y9D4Y8Cj8K89lMv
   Sticky Tag:		(none)
   Sticky Date:		(none)
   Sticky Options:	(none)

===================================================================
File: skim.input.zeem1020	Status: Up-to-date

   Working revision:	1.1
   Repository revision:	1.1	/local/reps/CMSSW/UserCode/ikravchenko/DrellYanDMDY/config_files/skim_configs/skim.input.zeem1020,v
   Commit Identifier:	0y9D4Y8Cj8K89lMv
   Sticky Tag:		(none)
   Sticky Date:		(none)
   Sticky Options:	(none)

===================================================================
File: skim.input.zeem20	Status: Up-to-date

   Working revision:	1.1
   Repository revision:	1.1	/local/reps/CMSSW/UserCode/ikravchenko/DrellYanDMDY/config_files/skim_configs/skim.input.zeem20,v
   Commit Identifier:	0y9D4Y8Cj8K89lMv
   Sticky Tag:		(none)
   Sticky Date:		(none)
   Sticky Options:	(none)

===================================================================
File: skim.input.zeem20to500	Status: Up-to-date

   Working revision:	1.1
   Repository revision:	1.1	/local/reps/CMSSW/UserCode/ikravchenko/DrellYanDMDY/config_files/skim_configs/skim.input.zeem20to500,v
   Commit Identifier:	0y9D4Y8Cj8K89lMv
   Sticky Tag:		(none)
   Sticky Date:		(none)
   Sticky Options:	(none)

===================================================================
File: skim.input.zttm20	Status: Up-to-date

   Working revision:	1.1
   Repository revision:	1.1	/local/reps/CMSSW/UserCode/ikravchenko/DrellYanDMDY/config_files/skim_configs/skim.input.zttm20,v
   Commit Identifier:	0y9D4Y8Cj8K89lMv
   Sticky Tag:		(none)
   Sticky Date:		(none)
   Sticky Options:	(none)

===================================================================
File: skim.input.zz    	Status: Up-to-date

   Working revision:	1.1
   Repository revision:	1.1	/local/reps/CMSSW/UserCode/ikravchenko/DrellYanDMDY/config_files/skim_configs/skim.input.zz,v
   Commit Identifier:	0y9D4Y8Cj8K89lMv
   Sticky Tag:		(none)
   Sticky Date:		(none)
   Sticky Options:	(none)

===================================================================
File: trim.input.zeem20	Status: Up-to-date

   Working revision:	1.1
   Repository revision:	1.1	/local/reps/CMSSW/UserCode/ikravchenko/DrellYanDMDY/config_files/skim_configs/trim.input.zeem20,v
   Commit Identifier:	0y9D4Y8Cj8K89lMv
   Sticky Tag:		(none)
   Sticky Date:		(none)
   Sticky Options:	(none)

===================================================================
File: trim.input.zeem500	Status: Up-to-date

   Working revision:	1.1
   Repository revision:	1.1	/local/reps/CMSSW/UserCode/ikravchenko/DrellYanDMDY/config_files/skim_configs/trim.input.zeem500,v
   Commit Identifier:	0y9D4Y8Cj8K89lMv
   Sticky Tag:		(none)
   Sticky Date:		(none)
   Sticky Options:	(none)

===================================================================
File: testESF_6binNegs_Gauss_20120119.inp	Status: Up-to-date

   Working revision:	1.1
   Repository revision:	1.1	/local/reps/CMSSW/UserCode/ikravchenko/DrellYanDMDY/root_files/constants/testESF_6binNegs_Gauss_20120119.inp,v
   Commit Identifier:	Q84AqLb5jYVtsVPv
   Sticky Tag:		(none)
   Sticky Date:		(none)
   Sticky Options:	(none)

===================================================================
File: testESF_6bins_Gauss_20120119.inp	Status: Up-to-date

   Working revision:	1.1
   Repository revision:	1.1	/local/reps/CMSSW/UserCode/ikravchenko/DrellYanDMDY/root_files/constants/testESF_6bins_Gauss_20120119.inp,v
   Commit Identifier:	Q84AqLb5jYVtsVPv
   Sticky Tag:		(none)
   Sticky Date:		(none)
   Sticky Options:	(none)

===================================================================
File: weights_stepwise_prec10-5_fine12.root	Status: Up-to-date

   Working revision:	1.1
   Repository revision:	1.1	/local/reps/CMSSW/UserCode/ikravchenko/DrellYanDMDY/root_files/fewz/weights_stepwise_prec10-5_fine12.root,v
   Commit Identifier:	n1UgO8xnGrgInfMv
   Sticky Tag:		(none)
   Sticky Date:		(none)
   Sticky Options:	(none)

