andriusj April 26, 2012
V00-01-02 is a broken release. Tagged before making significant modifications

Several files were added as compared to V00-01-01

List of directories:
Acceptance  Fsr        Logs       Unfolding             root_files
CVS         FullChain  Selection  YieldsAndBackgrounds
Efficiency  Include    Skimming   config_files


Below is an output of `cvs status`


===================================================================
File: auxScript.C      	Status: Up-to-date

   Working revision:	1.1
   Repository revision:	1.1	/cvs/CMSSW/UserCode/ikravchenko/DrellYanDMDY/Acceptance/auxScript.C,v
   Commit Identifier:	wf2gpg69n7Ubu81w
   Sticky Tag:		(none)
   Sticky Date:		(none)
   Sticky Options:	(none)

===================================================================
File: evaluateAcceptanceSyst.sh	Status: Up-to-date

   Working revision:	1.1
   Repository revision:	1.1	/cvs/CMSSW/UserCode/ikravchenko/DrellYanDMDY/Acceptance/evaluateAcceptanceSyst.sh,v
   Commit Identifier:	wf2gpg69n7Ubu81w
   Sticky Tag:		(none)
   Sticky Date:		(none)
   Sticky Options:	(none)

===================================================================
File: plotDYAcceptance.C	Status: Up-to-date

   Working revision:	1.3
   Repository revision:	1.3	/cvs/CMSSW/UserCode/ikravchenko/DrellYanDMDY/Acceptance/plotDYAcceptance.C,v
   Commit Identifier:	O4fNJseDqcFOJk1w
   Sticky Tag:		(none)
   Sticky Date:		(none)
   Sticky Options:	(none)

===================================================================
File: rootlogon.C      	Status: Up-to-date

   Working revision:	1.1
   Repository revision:	1.1	/cvs/CMSSW/UserCode/ikravchenko/DrellYanDMDY/Acceptance/rootlogon.C,v
   Commit Identifier:	wf2gpg69n7Ubu81w
   Sticky Tag:		(none)
   Sticky Date:		(none)
   Sticky Options:	(none)

===================================================================
File: auxScript.C      	Status: Up-to-date

   Working revision:	1.1
   Repository revision:	1.1	/cvs/CMSSW/UserCode/ikravchenko/DrellYanDMDY/Efficiency/auxScript.C,v
   Commit Identifier:	WYERhzBJWEXHeh1w
   Sticky Tag:		(none)
   Sticky Date:		(none)
   Sticky Options:	(none)

===================================================================
File: plotDYEfficiency.C	Status: Up-to-date

   Working revision:	1.2
   Repository revision:	1.2	/cvs/CMSSW/UserCode/ikravchenko/DrellYanDMDY/Efficiency/plotDYEfficiency.C,v
   Commit Identifier:	NyY4KsgA1Tz5ux1w
   Sticky Tag:		(none)
   Sticky Date:		(none)
   Sticky Options:	(none)

===================================================================
File: rootlogon.C      	Status: Up-to-date

   Working revision:	1.1
   Repository revision:	1.1	/cvs/CMSSW/UserCode/ikravchenko/DrellYanDMDY/Efficiency/rootlogon.C,v
   Commit Identifier:	WYERhzBJWEXHeh1w
   Sticky Tag:		(none)
   Sticky Date:		(none)
   Sticky Options:	(none)

===================================================================
File: auxScript1.C     	Status: Up-to-date

   Working revision:	1.2
   Repository revision:	1.2	/cvs/CMSSW/UserCode/ikravchenko/DrellYanDMDY/Fsr/auxScript1.C,v
   Commit Identifier:	3o55dS4xZZxKh32w
   Sticky Tag:		(none)
   Sticky Date:		(none)
   Sticky Options:	(none)

===================================================================
File: auxScript2.C     	Status: Up-to-date

   Working revision:	1.1
   Repository revision:	1.1	/cvs/CMSSW/UserCode/ikravchenko/DrellYanDMDY/Fsr/auxScript2.C,v
   Commit Identifier:	XoZVP9ovhupRh32w
   Sticky Tag:		(none)
   Sticky Date:		(none)
   Sticky Options:	(none)

===================================================================
File: plotDYFSRCorrections.C	Status: Up-to-date

   Working revision:	1.4
   Repository revision:	1.4	/cvs/CMSSW/UserCode/ikravchenko/DrellYanDMDY/Fsr/plotDYFSRCorrections.C,v
   Commit Identifier:	LMiCVmGJkRN6Je2w
   Sticky Tag:		(none)
   Sticky Date:		(none)
   Sticky Options:	(none)

===================================================================
File: rootlogon.C      	Status: Up-to-date

   Working revision:	1.1
   Repository revision:	1.1	/cvs/CMSSW/UserCode/ikravchenko/DrellYanDMDY/Fsr/rootlogon.C,v
   Commit Identifier:	K09VoiNF2BoYo12w
   Sticky Tag:		(none)
   Sticky Date:		(none)
   Sticky Options:	(none)

===================================================================
File: FullChain.sh     	Status: Up-to-date

   Working revision:	1.6
   Repository revision:	1.6	/cvs/CMSSW/UserCode/ikravchenko/DrellYanDMDY/FullChain/FullChain.sh,v
   Commit Identifier:	EYx567pTB3GiJe2w
   Sticky Tag:		(none)
   Sticky Date:		(none)
   Sticky Options:	(none)

===================================================================
File: CPlot.cc         	Status: Up-to-date

   Working revision:	1.2
   Repository revision:	1.2	/cvs/CMSSW/UserCode/ikravchenko/DrellYanDMDY/Include/CPlot.cc,v
   Commit Identifier:	8lneUCiF0LFeIP0w
   Sticky Tag:		(none)
   Sticky Date:		(none)
   Sticky Options:	(none)

===================================================================
File: CPlot.hh         	Status: Up-to-date

   Working revision:	1.2
   Repository revision:	1.2	/cvs/CMSSW/UserCode/ikravchenko/DrellYanDMDY/Include/CPlot.hh,v
   Commit Identifier:	KzU3TeswugHjIP0w
   Sticky Tag:		(none)
   Sticky Date:		(none)
   Sticky Options:	(none)

===================================================================
File: CRectangle.hh    	Status: Up-to-date

   Working revision:	1.1
   Repository revision:	1.1	/cvs/CMSSW/UserCode/ikravchenko/DrellYanDMDY/Include/CRectangle.hh,v
   Commit Identifier:	Q3mTXdXvGDyNlfMv
   Sticky Tag:		(none)
   Sticky Date:		(none)
   Sticky Options:	(none)

===================================================================
File: CSample.hh       	Status: Up-to-date

   Working revision:	1.1
   Repository revision:	1.1	/cvs/CMSSW/UserCode/ikravchenko/DrellYanDMDY/Include/CSample.hh,v
   Commit Identifier:	Q3mTXdXvGDyNlfMv
   Sticky Tag:		(none)
   Sticky Date:		(none)
   Sticky Options:	(none)

===================================================================
File: DYTools.hh       	Status: Up-to-date

   Working revision:	1.7
   Repository revision:	1.7	/cvs/CMSSW/UserCode/ikravchenko/DrellYanDMDY/Include/DYTools.hh,v
   Commit Identifier:	VnW4ghiZdYLWKk1w
   Sticky Tag:		(none)
   Sticky Date:		(none)
   Sticky Options:	(none)

===================================================================
File: DYToolsUI.hh     	Status: Up-to-date

   Working revision:	1.1
   Repository revision:	1.1	/cvs/CMSSW/UserCode/ikravchenko/DrellYanDMDY/Include/DYToolsUI.hh,v
   Commit Identifier:	xuiBS7NBfXKu3R0w
   Sticky Tag:		(none)
   Sticky Date:		(none)
   Sticky Options:	(none)

===================================================================
File: EWKAnaDefs.hh    	Status: Up-to-date

   Working revision:	1.2
   Repository revision:	1.2	/cvs/CMSSW/UserCode/ikravchenko/DrellYanDMDY/Include/EWKAnaDefs.hh,v
   Commit Identifier:	77kmrXcX9d1wrfMv
   Sticky Tag:		(none)
   Sticky Date:		(none)
   Sticky Options:	(none)

===================================================================
File: EleIDCuts.hh     	Status: Up-to-date

   Working revision:	1.2
   Repository revision:	1.2	/cvs/CMSSW/UserCode/ikravchenko/DrellYanDMDY/Include/EleIDCuts.hh,v
   Commit Identifier:	PAJfiIzcDup63R0w
   Sticky Tag:		(none)
   Sticky Date:		(none)
   Sticky Options:	(none)

===================================================================
File: ElectronEnergyScale.cc	Status: Up-to-date

   Working revision:	1.3
   Repository revision:	1.3	/cvs/CMSSW/UserCode/ikravchenko/DrellYanDMDY/Include/ElectronEnergyScale.cc,v
   Commit Identifier:	3nIAwYLuZv9RIP0w
   Sticky Tag:		(none)
   Sticky Date:		(none)
   Sticky Options:	(none)

===================================================================
File: ElectronEnergyScale.hh	Status: Up-to-date

   Working revision:	1.5
   Repository revision:	1.5	/cvs/CMSSW/UserCode/ikravchenko/DrellYanDMDY/Include/ElectronEnergyScale.hh,v
   Commit Identifier:	0ZGOj3W3jRoLIP0w
   Sticky Tag:		(none)
   Sticky Date:		(none)
   Sticky Options:	(none)

===================================================================
File: EtaEtaMass.hh    	Status: Up-to-date

   Working revision:	1.2
   Repository revision:	1.2	/cvs/CMSSW/UserCode/ikravchenko/DrellYanDMDY/Include/EtaEtaMass.hh,v
   Commit Identifier:	SBP8Hx8RRSuOuMPv
   Sticky Tag:		(none)
   Sticky Date:		(none)
   Sticky Options:	(none)

===================================================================
File: JsonParser.cc    	Status: Up-to-date

   Working revision:	1.1
   Repository revision:	1.1	/cvs/CMSSW/UserCode/ikravchenko/DrellYanDMDY/Include/JsonParser.cc,v
   Commit Identifier:	Q3mTXdXvGDyNlfMv
   Sticky Tag:		(none)
   Sticky Date:		(none)
   Sticky Options:	(none)

===================================================================
File: JsonParser.hh    	Status: Up-to-date

   Working revision:	1.1
   Repository revision:	1.1	/cvs/CMSSW/UserCode/ikravchenko/DrellYanDMDY/Include/JsonParser.hh,v
   Commit Identifier:	Q3mTXdXvGDyNlfMv
   Sticky Tag:		(none)
   Sticky Date:		(none)
   Sticky Options:	(none)

===================================================================
File: MitStyleRemix.cc 	Status: Up-to-date

   Working revision:	1.1
   Repository revision:	1.1	/cvs/CMSSW/UserCode/ikravchenko/DrellYanDMDY/Include/MitStyleRemix.cc,v
   Commit Identifier:	Q3mTXdXvGDyNlfMv
   Sticky Tag:		(none)
   Sticky Date:		(none)
   Sticky Options:	(none)

===================================================================
File: MitStyleRemix.hh 	Status: Up-to-date

   Working revision:	1.1
   Repository revision:	1.1	/cvs/CMSSW/UserCode/ikravchenko/DrellYanDMDY/Include/MitStyleRemix.hh,v
   Commit Identifier:	Q3mTXdXvGDyNlfMv
   Sticky Tag:		(none)
   Sticky Date:		(none)
   Sticky Options:	(none)

===================================================================
File: MyTools.hh       	Status: Up-to-date

   Working revision:	1.6
   Repository revision:	1.6	/cvs/CMSSW/UserCode/ikravchenko/DrellYanDMDY/Include/MyTools.hh,v
   Commit Identifier:	WzRRnPKt8iocLk1w
   Sticky Tag:		(none)
   Sticky Date:		(none)
   Sticky Options:	(none)

===================================================================
File: TDielectron.hh   	Status: Up-to-date

   Working revision:	1.2
   Repository revision:	1.2	/cvs/CMSSW/UserCode/ikravchenko/DrellYanDMDY/Include/TDielectron.hh,v
   Commit Identifier:	77kmrXcX9d1wrfMv
   Sticky Tag:		(none)
   Sticky Date:		(none)
   Sticky Options:	(none)

===================================================================
File: TElectron.hh     	Status: Up-to-date

   Working revision:	1.2
   Repository revision:	1.2	/cvs/CMSSW/UserCode/ikravchenko/DrellYanDMDY/Include/TElectron.hh,v
   Commit Identifier:	77kmrXcX9d1wrfMv
   Sticky Tag:		(none)
   Sticky Date:		(none)
   Sticky Options:	(none)

===================================================================
File: TEventInfo.hh    	Status: Up-to-date

   Working revision:	1.2
   Repository revision:	1.2	/cvs/CMSSW/UserCode/ikravchenko/DrellYanDMDY/Include/TEventInfo.hh,v
   Commit Identifier:	77kmrXcX9d1wrfMv
   Sticky Tag:		(none)
   Sticky Date:		(none)
   Sticky Options:	(none)

===================================================================
File: TGenInfo.hh      	Status: Up-to-date

   Working revision:	1.1
   Repository revision:	1.1	/cvs/CMSSW/UserCode/ikravchenko/DrellYanDMDY/Include/TGenInfo.hh,v
   Commit Identifier:	Q3mTXdXvGDyNlfMv
   Sticky Tag:		(none)
   Sticky Date:		(none)
   Sticky Options:	(none)

===================================================================
File: TJet.hh          	Status: Up-to-date

   Working revision:	1.2
   Repository revision:	1.2	/cvs/CMSSW/UserCode/ikravchenko/DrellYanDMDY/Include/TJet.hh,v
   Commit Identifier:	77kmrXcX9d1wrfMv
   Sticky Tag:		(none)
   Sticky Date:		(none)
   Sticky Options:	(none)

===================================================================
File: TMuon.hh         	Status: Up-to-date

   Working revision:	1.2
   Repository revision:	1.2	/cvs/CMSSW/UserCode/ikravchenko/DrellYanDMDY/Include/TMuon.hh,v
   Commit Identifier:	77kmrXcX9d1wrfMv
   Sticky Tag:		(none)
   Sticky Date:		(none)
   Sticky Options:	(none)

===================================================================
File: TPhoton.hh       	Status: Up-to-date

   Working revision:	1.2
   Repository revision:	1.2	/cvs/CMSSW/UserCode/ikravchenko/DrellYanDMDY/Include/TPhoton.hh,v
   Commit Identifier:	77kmrXcX9d1wrfMv
   Sticky Tag:		(none)
   Sticky Date:		(none)
   Sticky Options:	(none)

===================================================================
File: TVertex.hh       	Status: Up-to-date

   Working revision:	1.1
   Repository revision:	1.1	/cvs/CMSSW/UserCode/ikravchenko/DrellYanDMDY/Include/TVertex.hh,v
   Commit Identifier:	Q3mTXdXvGDyNlfMv
   Sticky Tag:		(none)
   Sticky Date:		(none)
   Sticky Options:	(none)

===================================================================
File: TriggerSelection.hh	Status: Up-to-date

   Working revision:	1.3
   Repository revision:	1.3	/cvs/CMSSW/UserCode/ikravchenko/DrellYanDMDY/Include/TriggerSelection.hh,v
   Commit Identifier:	XkiKotiS2mblJP0w
   Sticky Tag:		(none)
   Sticky Date:		(none)
   Sticky Options:	(none)

===================================================================
File: UnfoldingTools.hh	Status: Up-to-date

   Working revision:	1.2
   Repository revision:	1.2	/cvs/CMSSW/UserCode/ikravchenko/DrellYanDMDY/Include/UnfoldingTools.hh,v
   Commit Identifier:	TxcbSf48cx5zJP0w
   Sticky Tag:		(none)
   Sticky Date:		(none)
   Sticky Options:	(none)

===================================================================
File: ZeeData.hh       	Status: Up-to-date

   Working revision:	1.2
   Repository revision:	1.2	/cvs/CMSSW/UserCode/ikravchenko/DrellYanDMDY/Include/ZeeData.hh,v
   Commit Identifier:	8EfY6clK4UcTSQ0w
   Sticky Tag:		(none)
   Sticky Date:		(none)
   Sticky Options:	(none)

===================================================================
File: cmp.sh           	Status: Up-to-date

   Working revision:	1.1
   Repository revision:	1.1	/cvs/CMSSW/UserCode/ikravchenko/DrellYanDMDY/Include/cmp.sh,v
   Commit Identifier:	SBP8Hx8RRSuOuMPv
   Sticky Tag:		(none)
   Sticky Date:		(none)
   Sticky Options:	(none)

===================================================================
File: cutFunctions.hh  	Status: Up-to-date

   Working revision:	1.2
   Repository revision:	1.2	/cvs/CMSSW/UserCode/ikravchenko/DrellYanDMDY/Include/cutFunctions.hh,v
   Commit Identifier:	9gzdm1PJpsD04R0w
   Sticky Tag:		(none)
   Sticky Date:		(none)
   Sticky Options:	(none)

===================================================================
File: fitFunctions.hh  	Status: Up-to-date

   Working revision:	1.2
   Repository revision:	1.2	/cvs/CMSSW/UserCode/ikravchenko/DrellYanDMDY/Include/fitFunctions.hh,v
   Commit Identifier:	7RzvQ0UlEElRiR0w
   Sticky Tag:		(none)
   Sticky Date:		(none)
   Sticky Options:	(none)

===================================================================
File: fitFunctionsCore.hh	Status: Up-to-date

   Working revision:	1.2
   Repository revision:	1.2	/cvs/CMSSW/UserCode/ikravchenko/DrellYanDMDY/Include/fitFunctionsCore.hh,v
   Commit Identifier:	TO3bFk11vck8jR0w
   Sticky Tag:		(none)
   Sticky Date:		(none)
   Sticky Options:	(none)

===================================================================
File: plotFunctions.hh 	Status: Up-to-date

   Working revision:	1.2
   Repository revision:	1.2	/cvs/CMSSW/UserCode/ikravchenko/DrellYanDMDY/Include/plotFunctions.hh,v
   Commit Identifier:	Rz5K2halT1s7gh1w
   Sticky Tag:		(none)
   Sticky Date:		(none)
   Sticky Options:	(none)

===================================================================
File: rootlogon.C      	Status: Up-to-date

   Working revision:	1.7
   Repository revision:	1.7	/cvs/CMSSW/UserCode/ikravchenko/DrellYanDMDY/Include/rootlogon.C,v
   Commit Identifier:	FRV3m79XYKxPKk1w
   Sticky Tag:		(none)
   Sticky Date:		(none)
   Sticky Options:	(none)

===================================================================
File: changeLog-V00-01-00-20120414.log	Status: Up-to-date

   Working revision:	1.1
   Repository revision:	1.1	/cvs/CMSSW/UserCode/ikravchenko/DrellYanDMDY/Logs/changeLog-V00-01-00-20120414.log,v
   Commit Identifier:	akpkD6EBgjPVHP0w
   Sticky Tag:		(none)
   Sticky Date:		(none)
   Sticky Options:	(none)

===================================================================
File: changeLog-V00-01-01-20120414.log	Status: Up-to-date

   Working revision:	1.1
   Repository revision:	1.1	/cvs/CMSSW/UserCode/ikravchenko/DrellYanDMDY/Logs/changeLog-V00-01-01-20120414.log,v
   Commit Identifier:	3293jAVQCvu9TQ0w
   Sticky Tag:		(none)
   Sticky Date:		(none)
   Sticky Options:	(none)

===================================================================
File: auxScript.C      	Status: Up-to-date

   Working revision:	1.1
   Repository revision:	1.1	/cvs/CMSSW/UserCode/ikravchenko/DrellYanDMDY/Selection/auxScript.C,v
   Commit Identifier:	WtCFmaOKBDcEw81w
   Sticky Tag:		(none)
   Sticky Date:		(none)
   Sticky Options:	(none)

===================================================================
File: rootlogon.C      	Status: Up-to-date

   Working revision:	1.1
   Repository revision:	1.1	/cvs/CMSSW/UserCode/ikravchenko/DrellYanDMDY/Selection/rootlogon.C,v
   Commit Identifier:	75gzMnw6LjSgmfMv
   Sticky Tag:		(none)
   Sticky Date:		(none)
   Sticky Options:	(none)

===================================================================
File: selectEvents.C   	Status: Up-to-date

   Working revision:	1.7
   Repository revision:	1.7	/cvs/CMSSW/UserCode/ikravchenko/DrellYanDMDY/Selection/selectEvents.C,v
   Commit Identifier:	qssJ4DrXVXDsxe2w
   Sticky Tag:		(none)
   Sticky Date:		(none)
   Sticky Options:	(none)

===================================================================
File: SkimNtuples.C    	Status: Up-to-date

   Working revision:	1.1
   Repository revision:	1.1	/cvs/CMSSW/UserCode/ikravchenko/DrellYanDMDY/Skimming/SkimNtuples.C,v
   Commit Identifier:	ecAXels9s0Lm9lMv
   Sticky Tag:		(none)
   Sticky Date:		(none)
   Sticky Options:	(none)

===================================================================
File: TrimNtuples.C    	Status: Up-to-date

   Working revision:	1.1
   Repository revision:	1.1	/cvs/CMSSW/UserCode/ikravchenko/DrellYanDMDY/Skimming/TrimNtuples.C,v
   Commit Identifier:	ecAXels9s0Lm9lMv
   Sticky Tag:		(none)
   Sticky Date:		(none)
   Sticky Options:	(none)

===================================================================
File: rootlogon.C      	Status: Up-to-date

   Working revision:	1.1
   Repository revision:	1.1	/cvs/CMSSW/UserCode/ikravchenko/DrellYanDMDY/Skimming/rootlogon.C,v
   Commit Identifier:	ecAXels9s0Lm9lMv
   Sticky Tag:		(none)
   Sticky Date:		(none)
   Sticky Options:	(none)

===================================================================
File: UnfoldingTools.C 	Status: Up-to-date

   Working revision:	1.2
   Repository revision:	1.2	/cvs/CMSSW/UserCode/ikravchenko/DrellYanDMDY/Unfolding/UnfoldingTools.C,v
   Commit Identifier:	46VgXZFcgAsfKP0w
   Sticky Tag:		(none)
   Sticky Date:		(none)
   Sticky Options:	(none)

===================================================================
File: auxScript.C      	Status: Up-to-date

   Working revision:	1.1
   Repository revision:	1.1	/cvs/CMSSW/UserCode/ikravchenko/DrellYanDMDY/Unfolding/auxScript.C,v
   Commit Identifier:	6nNyBunidZlLw81w
   Sticky Tag:		(none)
   Sticky Date:		(none)
   Sticky Options:	(none)

===================================================================
File: makeUnfoldingMatrix.C	Status: Up-to-date

   Working revision:	1.4
   Repository revision:	1.4	/cvs/CMSSW/UserCode/ikravchenko/DrellYanDMDY/Unfolding/makeUnfoldingMatrix.C,v
   Commit Identifier:	GXUBF2YlqLKj0f2w
   Sticky Tag:		(none)
   Sticky Date:		(none)
   Sticky Options:	(none)

===================================================================
File: rootlogon.C      	Status: Up-to-date

   Working revision:	1.1
   Repository revision:	1.1	/cvs/CMSSW/UserCode/ikravchenko/DrellYanDMDY/Unfolding/rootlogon.C,v
   Commit Identifier:	ljZ707RRF4mqnfMv
   Sticky Tag:		(none)
   Sticky Date:		(none)
   Sticky Options:	(none)

===================================================================
File: auxScript.C      	Status: Up-to-date

   Working revision:	1.1
   Repository revision:	1.1	/cvs/CMSSW/UserCode/ikravchenko/DrellYanDMDY/YieldsAndBackgrounds/auxScript.C,v
   Commit Identifier:	7CpMyrVDhA9Qw81w
   Sticky Tag:		(none)
   Sticky Date:		(none)
   Sticky Options:	(none)

===================================================================
File: plotFunctionsPrepareYields.C	Status: Up-to-date

   Working revision:	1.3
   Repository revision:	1.3	/cvs/CMSSW/UserCode/ikravchenko/DrellYanDMDY/YieldsAndBackgrounds/plotFunctionsPrepareYields.C,v
   Commit Identifier:	GdVennd4JZ5qWI1w
   Sticky Tag:		(none)
   Sticky Date:		(none)
   Sticky Options:	(none)

===================================================================
File: prepareYields.C  	Status: Up-to-date

   Working revision:	1.8
   Repository revision:	1.8	/cvs/CMSSW/UserCode/ikravchenko/DrellYanDMDY/YieldsAndBackgrounds/prepareYields.C,v
   Commit Identifier:	Vnd5qrNVJjpgKk1w
   Sticky Tag:		(none)
   Sticky Date:		(none)
   Sticky Options:	(none)

===================================================================
File: rootlogon.C      	Status: Up-to-date

   Working revision:	1.1
   Repository revision:	1.1	/cvs/CMSSW/UserCode/ikravchenko/DrellYanDMDY/YieldsAndBackgrounds/rootlogon.C,v
   Commit Identifier:	S5Giu3hFzNRUmfMv
   Sticky Tag:		(none)
   Sticky Date:		(none)
   Sticky Options:	(none)

===================================================================
File: subtractBackground.C	Status: Up-to-date

   Working revision:	1.3
   Repository revision:	1.3	/cvs/CMSSW/UserCode/ikravchenko/DrellYanDMDY/YieldsAndBackgrounds/subtractBackground.C,v
   Commit Identifier:	3wCikb34XJpmKk1w
   Sticky Tag:		(none)
   Sticky Date:		(none)
   Sticky Options:	(none)

===================================================================
File: data.conf        	Status: Up-to-date

   Working revision:	1.2
   Repository revision:	1.2	/cvs/CMSSW/UserCode/ikravchenko/DrellYanDMDY/config_files/data.conf,v
   Commit Identifier:	Xp5liujdPdhT8lMv
   Sticky Tag:		(none)
   Sticky Date:		(none)
   Sticky Options:	(none)

===================================================================
File: dataT3.conf      	Status: Locally Modified

   Working revision:	1.2
   Repository revision:	1.2	/cvs/CMSSW/UserCode/ikravchenko/DrellYanDMDY/config_files/dataT3.conf,v
   Commit Identifier:	bGJUaNdmd3kWBAQv
   Sticky Tag:		(none)
   Sticky Date:		(none)
   Sticky Options:	(none)

===================================================================
File: fall11mc.input   	Status: Up-to-date

   Working revision:	1.2
   Repository revision:	1.2	/cvs/CMSSW/UserCode/ikravchenko/DrellYanDMDY/config_files/fall11mc.input,v
   Commit Identifier:	vg9wril2JM4Xx81w
   Sticky Tag:		(none)
   Sticky Date:		(none)
   Sticky Options:	(none)

===================================================================
File: fall11mcT3.input 	Status: Up-to-date

   Working revision:	1.1
   Repository revision:	1.1	/cvs/CMSSW/UserCode/ikravchenko/DrellYanDMDY/config_files/fall11mcT3.input,v
   Commit Identifier:	Cj6gCe5tldmjx81w
   Sticky Tag:		(none)
   Sticky Date:		(none)
   Sticky Options:	(none)

===================================================================
File: summer11mc.input 	Status: Up-to-date

   Working revision:	1.1
   Repository revision:	1.1	/cvs/CMSSW/UserCode/ikravchenko/DrellYanDMDY/config_files/summer11mc.input,v
   Commit Identifier:	4g4Blhyra4ZxNkMv
   Sticky Tag:		(none)
   Sticky Date:		(none)
   Sticky Options:	(none)

===================================================================
File: skim.input.data1 	Status: Up-to-date

   Working revision:	1.1
   Repository revision:	1.1	/cvs/CMSSW/UserCode/ikravchenko/DrellYanDMDY/config_files/skim_configs/skim.input.data1,v
   Commit Identifier:	0y9D4Y8Cj8K89lMv
   Sticky Tag:		(none)
   Sticky Date:		(none)
   Sticky Options:	(none)

===================================================================
File: skim.input.data2 	Status: Up-to-date

   Working revision:	1.1
   Repository revision:	1.1	/cvs/CMSSW/UserCode/ikravchenko/DrellYanDMDY/config_files/skim_configs/skim.input.data2,v
   Commit Identifier:	0y9D4Y8Cj8K89lMv
   Sticky Tag:		(none)
   Sticky Date:		(none)
   Sticky Options:	(none)

===================================================================
File: skim.input.data3 	Status: Up-to-date

   Working revision:	1.1
   Repository revision:	1.1	/cvs/CMSSW/UserCode/ikravchenko/DrellYanDMDY/config_files/skim_configs/skim.input.data3,v
   Commit Identifier:	0y9D4Y8Cj8K89lMv
   Sticky Tag:		(none)
   Sticky Date:		(none)
   Sticky Options:	(none)

===================================================================
File: skim.input.data4 	Status: Up-to-date

   Working revision:	1.1
   Repository revision:	1.1	/cvs/CMSSW/UserCode/ikravchenko/DrellYanDMDY/config_files/skim_configs/skim.input.data4,v
   Commit Identifier:	0y9D4Y8Cj8K89lMv
   Sticky Tag:		(none)
   Sticky Date:		(none)
   Sticky Options:	(none)

===================================================================
File: skim.input.data5 	Status: Up-to-date

   Working revision:	1.1
   Repository revision:	1.1	/cvs/CMSSW/UserCode/ikravchenko/DrellYanDMDY/config_files/skim_configs/skim.input.data5,v
   Commit Identifier:	0y9D4Y8Cj8K89lMv
   Sticky Tag:		(none)
   Sticky Date:		(none)
   Sticky Options:	(none)

===================================================================
File: skim.input.qcdbc 	Status: Up-to-date

   Working revision:	1.1
   Repository revision:	1.1	/cvs/CMSSW/UserCode/ikravchenko/DrellYanDMDY/config_files/skim_configs/skim.input.qcdbc,v
   Commit Identifier:	0y9D4Y8Cj8K89lMv
   Sticky Tag:		(none)
   Sticky Date:		(none)
   Sticky Options:	(none)

===================================================================
File: skim.input.qcdem 	Status: Up-to-date

   Working revision:	1.1
   Repository revision:	1.1	/cvs/CMSSW/UserCode/ikravchenko/DrellYanDMDY/config_files/skim_configs/skim.input.qcdem,v
   Commit Identifier:	0y9D4Y8Cj8K89lMv
   Sticky Tag:		(none)
   Sticky Date:		(none)
   Sticky Options:	(none)

===================================================================
File: skim.input.ttj   	Status: Up-to-date

   Working revision:	1.1
   Repository revision:	1.1	/cvs/CMSSW/UserCode/ikravchenko/DrellYanDMDY/config_files/skim_configs/skim.input.ttj,v
   Commit Identifier:	0y9D4Y8Cj8K89lMv
   Sticky Tag:		(none)
   Sticky Date:		(none)
   Sticky Options:	(none)

===================================================================
File: skim.input.wjets 	Status: Up-to-date

   Working revision:	1.1
   Repository revision:	1.1	/cvs/CMSSW/UserCode/ikravchenko/DrellYanDMDY/config_files/skim_configs/skim.input.wjets,v
   Commit Identifier:	0y9D4Y8Cj8K89lMv
   Sticky Tag:		(none)
   Sticky Date:		(none)
   Sticky Options:	(none)

===================================================================
File: skim.input.zeem1020	Status: Up-to-date

   Working revision:	1.1
   Repository revision:	1.1	/cvs/CMSSW/UserCode/ikravchenko/DrellYanDMDY/config_files/skim_configs/skim.input.zeem1020,v
   Commit Identifier:	0y9D4Y8Cj8K89lMv
   Sticky Tag:		(none)
   Sticky Date:		(none)
   Sticky Options:	(none)

===================================================================
File: skim.input.zeem20	Status: Up-to-date

   Working revision:	1.1
   Repository revision:	1.1	/cvs/CMSSW/UserCode/ikravchenko/DrellYanDMDY/config_files/skim_configs/skim.input.zeem20,v
   Commit Identifier:	0y9D4Y8Cj8K89lMv
   Sticky Tag:		(none)
   Sticky Date:		(none)
   Sticky Options:	(none)

===================================================================
File: skim.input.zeem20to500	Status: Up-to-date

   Working revision:	1.1
   Repository revision:	1.1	/cvs/CMSSW/UserCode/ikravchenko/DrellYanDMDY/config_files/skim_configs/skim.input.zeem20to500,v
   Commit Identifier:	0y9D4Y8Cj8K89lMv
   Sticky Tag:		(none)
   Sticky Date:		(none)
   Sticky Options:	(none)

===================================================================
File: skim.input.zttm20	Status: Up-to-date

   Working revision:	1.1
   Repository revision:	1.1	/cvs/CMSSW/UserCode/ikravchenko/DrellYanDMDY/config_files/skim_configs/skim.input.zttm20,v
   Commit Identifier:	0y9D4Y8Cj8K89lMv
   Sticky Tag:		(none)
   Sticky Date:		(none)
   Sticky Options:	(none)

===================================================================
File: skim.input.zz    	Status: Up-to-date

   Working revision:	1.1
   Repository revision:	1.1	/cvs/CMSSW/UserCode/ikravchenko/DrellYanDMDY/config_files/skim_configs/skim.input.zz,v
   Commit Identifier:	0y9D4Y8Cj8K89lMv
   Sticky Tag:		(none)
   Sticky Date:		(none)
   Sticky Options:	(none)

===================================================================
File: trim.input.zeem20	Status: Up-to-date

   Working revision:	1.1
   Repository revision:	1.1	/cvs/CMSSW/UserCode/ikravchenko/DrellYanDMDY/config_files/skim_configs/trim.input.zeem20,v
   Commit Identifier:	0y9D4Y8Cj8K89lMv
   Sticky Tag:		(none)
   Sticky Date:		(none)
   Sticky Options:	(none)

===================================================================
File: trim.input.zeem500	Status: Up-to-date

   Working revision:	1.1
   Repository revision:	1.1	/cvs/CMSSW/UserCode/ikravchenko/DrellYanDMDY/config_files/skim_configs/trim.input.zeem500,v
   Commit Identifier:	0y9D4Y8Cj8K89lMv
   Sticky Tag:		(none)
   Sticky Date:		(none)
   Sticky Options:	(none)

===================================================================
File: testESF_6binNegs_Gauss_20120119.inp	Status: Up-to-date

   Working revision:	1.1
   Repository revision:	1.1	/cvs/CMSSW/UserCode/ikravchenko/DrellYanDMDY/root_files/constants/testESF_6binNegs_Gauss_20120119.inp,v
   Commit Identifier:	Q84AqLb5jYVtsVPv
   Sticky Tag:		(none)
   Sticky Date:		(none)
   Sticky Options:	(none)

===================================================================
File: testESF_6bins_Gauss_20120119.inp	Status: Up-to-date

   Working revision:	1.1
   Repository revision:	1.1	/cvs/CMSSW/UserCode/ikravchenko/DrellYanDMDY/root_files/constants/testESF_6bins_Gauss_20120119.inp,v
   Commit Identifier:	Q84AqLb5jYVtsVPv
   Sticky Tag:		(none)
   Sticky Date:		(none)
   Sticky Options:	(none)

===================================================================
File: weights_stepwise_prec10-5_fine12.root	Status: Up-to-date

   Working revision:	1.1
   Repository revision:	1.1	/cvs/CMSSW/UserCode/ikravchenko/DrellYanDMDY/root_files/fewz/weights_stepwise_prec10-5_fine12.root,v
   Commit Identifier:	n1UgO8xnGrgInfMv
   Sticky Tag:		(none)
   Sticky Date:		(none)
   Sticky Options:	(none)

